SF:lib\api\model\response\subject_exams_response\subject_exams_response.dart
DA:14,1
DA:16,0
DA:17,0
DA:20,0
LF:4
LH:1
end_of_record
SF:lib\api\model\response\subject_exams_response\subject_exams_response.g.dart
DA:9,0
DA:11,0
DA:12,0
DA:14,0
DA:16,0
DA:18,0
DA:19,0
DA:20,0
DA:23,0
DA:25,0
DA:26,0
DA:27,0
DA:28,0
LF:13
LH:0
end_of_record
SF:lib\api\model\subject_exams_dto.dart
DA:16,1
DA:26,0
DA:27,0
DA:29,0
LF:4
LH:1
end_of_record
SF:lib\api\model\subject_exams_dto.g.dart
DA:9,0
DA:10,0
DA:11,0
DA:12,0
DA:13,0
DA:14,0
DA:15,0
DA:16,0
DA:18,0
DA:20,0
DA:23,0
DA:24,0
DA:25,0
DA:26,0
DA:27,0
DA:28,0
DA:29,0
DA:30,0
DA:31,0
LF:19
LH:0
end_of_record
SF:lib\core\api_result\api_result.dart
DA:8,9
DA:14,2
DA:15,4
DA:16,0
DA:18,6
LF:5
LH:4
end_of_record
SF:lib\domain\model\subject_exams_model.dart
DA:11,3
DA:20,1
DA:21,4
LF:3
LH:3
end_of_record
SF:lib\api\datasource\subject_exams_remote_data_source_impl.dart
DA:12,1
DA:14,1
DA:18,1
DA:20,2
DA:21,3
DA:23,1
DA:24,3
DA:25,1
DA:26,1
DA:28,0
DA:31,0
LF:11
LH:9
end_of_record
SF:lib\api\web_services\web_services.g.dart
DA:12,0
DA:20,0
DA:24,0
DA:25,0
DA:26,0
DA:27,0
DA:28,0
DA:29,0
DA:30,0
DA:31,0
DA:32,0
DA:37,0
DA:39,0
DA:42,0
DA:44,0
DA:50,0
DA:52,0
DA:53,0
DA:54,0
DA:55,0
DA:56,0
DA:57,0
DA:58,0
DA:59,0
DA:60,0
DA:65,0
DA:67,0
DA:70,0
DA:72,0
DA:78,0
DA:80,0
DA:81,0
DA:82,0
DA:84,0
DA:85,0
DA:86,0
DA:87,0
DA:92,0
DA:94,0
DA:97,0
DA:99,0
DA:105,0
DA:107,0
DA:108,0
DA:109,0
DA:111,0
DA:112,0
DA:113,0
DA:114,0
DA:119,0
DA:121,0
DA:124,0
DA:126,0
DA:132,0
DA:134,0
DA:135,0
DA:136,0
DA:138,0
DA:139,0
DA:140,0
DA:141,0
DA:146,0
DA:148,0
DA:151,0
DA:153,0
DA:159,0
DA:163,0
DA:164,0
DA:165,0
DA:166,0
DA:167,0
DA:168,0
DA:169,0
DA:170,0
DA:171,0
DA:176,0
DA:178,0
DA:181,0
DA:183,0
DA:189,0
DA:193,0
DA:194,0
DA:195,0
DA:196,0
DA:197,0
DA:198,0
DA:199,0
DA:200,0
DA:201,0
DA:206,0
DA:208,0
DA:211,0
DA:213,0
DA:219,0
DA:223,0
DA:224,0
DA:225,0
DA:226,0
DA:227,0
DA:228,0
DA:229,0
DA:230,0
DA:231,0
DA:236,0
DA:238,0
DA:241,0
DA:243,0
DA:249,0
DA:253,0
DA:254,0
DA:255,0
DA:256,0
DA:257,0
DA:258,0
DA:259,0
DA:260,0
DA:261,0
DA:266,0
DA:268,0
DA:271,0
DA:273,0
DA:279,0
DA:283,0
DA:284,0
DA:285,0
DA:286,0
DA:287,0
DA:288,0
DA:289,0
DA:290,0
DA:291,0
DA:296,0
DA:298,0
DA:301,0
DA:303,0
DA:309,0
DA:310,0
DA:311,0
DA:312,0
DA:313,0
DA:314,0
DA:316,0
DA:322,0
DA:323,0
DA:327,0
DA:329,0
DA:330,0
DA:333,0
LF:148
LH:0
end_of_record
SF:lib\api\model\request\change_password_request_dto\change_password_request_dto.dart
DA:12,0
DA:14,0
DA:15,0
DA:18,0
DA:20,0
DA:23,0
DA:24,0
DA:25,0
DA:26,0
LF:9
LH:0
end_of_record
SF:lib\api\model\request\change_password_request_dto\change_password_request_dto.g.dart
DA:9,0
DA:11,0
DA:12,0
DA:13,0
DA:14,0
DA:17,0
DA:19,0
DA:20,0
DA:21,0
DA:22,0
LF:10
LH:0
end_of_record
SF:lib\api\model\request\edit_profile_request_dto\edit_profile_request_dto.dart
DA:14,0
DA:22,0
DA:23,0
DA:26,0
DA:28,0
DA:31,0
DA:32,0
DA:33,0
DA:34,0
DA:35,0
DA:36,0
LF:11
LH:0
end_of_record
SF:lib\api\model\request\edit_profile_request_dto\edit_profile_request_dto.g.dart
DA:9,0
DA:11,0
DA:12,0
DA:13,0
DA:14,0
DA:15,0
DA:16,0
DA:19,0
DA:21,0
DA:22,0
DA:23,0
DA:24,0
DA:25,0
DA:26,0
LF:14
LH:0
end_of_record
SF:lib\api\model\request\forget_password_request_dto\forget_password_request_dto.dart
DA:10,0
DA:12,0
DA:13,0
DA:16,0
DA:18,0
DA:21,0
DA:22,0
LF:7
LH:0
end_of_record
SF:lib\api\model\request\forget_password_request_dto\forget_password_request_dto.g.dart
DA:9,0
DA:11,0
DA:13,0
DA:15,0
LF:4
LH:0
end_of_record
SF:lib\api\model\request\login_request_dto\login_request_dto.dart
DA:11,0
DA:13,0
DA:14,0
DA:17,0
DA:19,0
DA:20,0
DA:21,0
DA:22,0
LF:8
LH:0
end_of_record
SF:lib\api\model\request\login_request_dto\login_request_dto.g.dart
DA:9,0
DA:10,0
DA:11,0
DA:12,0
DA:15,0
DA:16,0
LF:6
LH:0
end_of_record
SF:lib\api\model\request\register_request_dto\register_request_dto.dart
DA:23,0
DA:33,0
DA:34,0
DA:37,0
DA:38,0
DA:41,0
DA:44,0
DA:45,0
DA:46,0
DA:47,0
DA:48,0
DA:49,0
DA:50,0
DA:51,0
LF:14
LH:0
end_of_record
SF:lib\api\model\request\register_request_dto\register_request_dto.g.dart
DA:9,0
DA:10,0
DA:11,0
DA:12,0
DA:13,0
DA:14,0
DA:15,0
DA:16,0
DA:17,0
DA:20,0
DA:21,0
DA:22,0
DA:23,0
DA:24,0
DA:25,0
DA:26,0
DA:27,0
DA:28,0
LF:18
LH:0
end_of_record
SF:lib\api\model\request\reset_password_request_dto\reset_password_request_dto.dart
DA:11,0
DA:13,0
DA:14,0
DA:17,0
DA:19,0
DA:22,0
DA:23,0
DA:24,0
LF:8
LH:0
end_of_record
SF:lib\api\model\request\reset_password_request_dto\reset_password_request_dto.g.dart
DA:9,0
DA:11,0
DA:12,0
DA:13,0
DA:16,0
DA:18,0
DA:19,0
DA:20,0
LF:8
LH:0
end_of_record
SF:lib\api\model\request\verify_reset_code_request_dto\verify_reset_code_request_dto.dart
DA:10,0
DA:12,0
DA:13,0
DA:16,0
DA:18,0
DA:21,0
DA:22,0
LF:7
LH:0
end_of_record
SF:lib\api\model\request\verify_reset_code_request_dto\verify_reset_code_request_dto.g.dart
DA:9,0
DA:11,0
DA:13,0
DA:15,0
LF:4
LH:0
end_of_record
SF:lib\api\model\response\change_password_response\change_password_response_dto.dart
DA:15,0
DA:17,0
DA:18,0
DA:21,0
DA:22,0
DA:25,0
DA:26,0
LF:7
LH:0
end_of_record
SF:lib\api\model\response\change_password_response\change_password_response_dto.g.dart
DA:9,0
DA:11,0
DA:12,0
DA:13,0
DA:14,0
DA:17,0
DA:19,0
DA:20,0
DA:21,0
DA:22,0
LF:10
LH:0
end_of_record
SF:lib\api\model\response\edit_profile_response\edit_profile_response.dart
DA:12,0
DA:14,0
DA:15,0
DA:18,0
LF:4
LH:0
end_of_record
SF:lib\api\model\response\edit_profile_response\edit_profile_response.g.dart
DA:9,0
DA:10,0
DA:11,0
DA:13,0
DA:15,0
DA:18,0
DA:20,0
LF:7
LH:0
end_of_record
SF:lib\api\model\response\forget_password_response\forget_password_response_dto.dart
DA:12,0
DA:14,0
DA:15,0
DA:18,0
DA:20,0
DA:21,0
DA:22,0
DA:23,0
DA:24,0
LF:9
LH:0
end_of_record
SF:lib\api\model\response\forget_password_response\forget_password_response_dto.g.dart
DA:9,0
DA:11,0
DA:12,0
DA:13,0
DA:14,0
DA:17,0
DA:19,0
DA:20,0
DA:21,0
DA:22,0
LF:10
LH:0
end_of_record
SF:lib\api\model\response\login_response.dart
DA:14,0
DA:16,0
DA:17,0
DA:20,0
LF:4
LH:0
end_of_record
SF:lib\api\model\response\login_response.g.dart
DA:9,0
DA:10,0
DA:11,0
DA:12,0
DA:14,0
DA:16,0
DA:19,0
DA:20,0
DA:21,0
DA:22,0
DA:23,0
LF:11
LH:0
end_of_record
SF:lib\api\model\response\register_response.dart
DA:15,0
DA:17,0
DA:18,0
DA:21,0
DA:22,0
LF:5
LH:0
end_of_record
SF:lib\api\model\response\register_response.g.dart
DA:9,0
DA:10,0
DA:11,0
DA:12,0
DA:14,0
DA:16,0
DA:19,0
DA:20,0
DA:21,0
DA:22,0
DA:23,0
LF:11
LH:0
end_of_record
SF:lib\api\model\response\reset_password_response\reset_password_response_dto.dart
DA:12,0
DA:14,0
DA:15,0
DA:18,0
DA:20,0
DA:21,0
DA:22,0
DA:23,0
DA:24,0
LF:9
LH:0
end_of_record
SF:lib\api\model\response\reset_password_response\reset_password_response_dto.g.dart
DA:9,0
DA:11,0
DA:12,0
DA:13,0
DA:14,0
DA:17,0
DA:19,0
DA:20,0
DA:21,0
DA:22,0
LF:10
LH:0
end_of_record
SF:lib\api\model\response\subject_response\subject_response.dart
DA:14,1
DA:16,0
DA:17,0
DA:20,0
LF:4
LH:1
end_of_record
SF:lib\api\model\response\subject_response\subject_response.g.dart
DA:9,0
DA:10,0
DA:11,0
DA:13,0
DA:15,0
DA:17,0
DA:18,0
DA:19,0
DA:22,0
DA:23,0
DA:24,0
DA:25,0
DA:26,0
LF:13
LH:0
end_of_record
SF:lib\api\model\response\verify_reset_code_response\verify_reset_code_response_dto.dart
DA:12,0
DA:14,0
DA:15,0
DA:18,0
DA:20,0
DA:21,0
DA:22,0
DA:23,0
DA:24,0
LF:9
LH:0
end_of_record
SF:lib\api\model\response\verify_reset_code_response\verify_reset_code_response_dto.g.dart
DA:9,0
DA:11,0
DA:12,0
DA:13,0
DA:14,0
DA:17,0
DA:19,0
DA:20,0
DA:21,0
DA:22,0
LF:10
LH:0
end_of_record
SF:lib\api\model\register_dto.dart
DA:27,1
DA:39,0
DA:40,0
DA:43,0
DA:44,0
DA:47,1
DA:48,1
DA:49,1
DA:50,1
DA:51,1
DA:52,1
DA:53,1
DA:54,1
DA:55,1
DA:56,1
DA:57,1
LF:16
LH:12
end_of_record
SF:lib\api\model\register_dto.g.dart
DA:9,0
DA:10,0
DA:11,0
DA:12,0
DA:13,0
DA:14,0
DA:15,0
DA:16,0
DA:17,0
DA:18,0
DA:21,0
DA:22,0
DA:23,0
DA:24,0
DA:25,0
DA:26,0
DA:27,0
DA:28,0
DA:29,0
DA:30,0
DA:31,0
LF:21
LH:0
end_of_record
SF:lib\domain\model\register_model.dart
DA:12,1
LF:1
LH:1
end_of_record
SF:lib\api\model\mapper\subject_exams_mapper.dart
DA:5,1
DA:6,1
DA:7,1
DA:8,1
DA:9,1
DA:10,1
DA:11,1
DA:12,1
LF:8
LH:8
end_of_record
SF:lib\generated\l10n.dart
DA:16,1
DA:20,0
DA:22,0
DA:30,1
DA:31,1
DA:32,0
DA:33,1
DA:34,1
DA:35,3
DA:36,1
DA:37,1
DA:44,0
DA:45,0
DA:47,0
DA:53,0
DA:54,0
DA:58,0
DA:59,0
DA:63,0
DA:64,0
DA:68,0
DA:73,0
DA:74,0
DA:78,0
DA:83,0
DA:84,0
DA:88,0
DA:93,0
DA:94,0
DA:98,0
DA:103,0
DA:104,0
DA:108,0
DA:113,0
DA:114,0
DA:118,0
DA:123,0
DA:124,0
DA:128,0
DA:129,0
DA:133,0
DA:138,0
DA:139,0
DA:143,0
DA:144,0
DA:148,0
DA:149,0
DA:153,0
DA:154,0
DA:158,0
DA:159,0
DA:163,0
DA:164,0
DA:168,0
DA:169,0
DA:173,0
DA:178,0
DA:179,0
DA:183,0
DA:184,0
DA:188,0
DA:189,0
DA:193,0
DA:198,0
DA:199,0
DA:203,0
DA:208,0
DA:209,0
DA:213,0
DA:218,0
DA:219,0
DA:223,0
DA:224,0
DA:228,0
DA:229,0
DA:233,0
DA:234,0
DA:238,0
DA:239,0
DA:243,0
DA:244,0
DA:248,0
DA:249,0
DA:253,0
DA:254,0
DA:258,0
DA:259,0
DA:263,0
DA:268,0
DA:269,0
DA:273,0
DA:274,0
DA:278,0
DA:279,0
DA:283,0
DA:284,0
DA:288,0
DA:289,0
DA:293,0
DA:294,0
DA:298,0
DA:303,0
DA:304,0
DA:308,0
DA:313,0
DA:314,0
DA:318,0
DA:323,0
DA:324,0
DA:328,0
DA:329,0
DA:333,0
DA:334,0
DA:338,0
DA:339,0
DA:343,0
DA:344,0
DA:348,0
DA:353,0
DA:354,0
DA:358,0
DA:359,0
DA:363,0
DA:364,0
DA:368,0
DA:369,0
DA:373,0
DA:374,0
DA:378,0
DA:379,0
DA:383,0
DA:384,0
DA:388,0
DA:393,0
DA:394,0
DA:398,0
DA:403,0
DA:404,0
DA:408,0
DA:413,0
DA:414,0
DA:418,0
DA:423,0
DA:424,0
DA:428,0
DA:433,0
DA:434,0
DA:438,0
DA:443,0
DA:444,0
DA:448,0
DA:449,0
DA:453,0
DA:458,0
DA:459,0
DA:463,0
DA:468,0
DA:469,0
DA:473,0
DA:478,0
DA:479,0
DA:483,0
DA:488,0
DA:489,0
DA:493,0
DA:498,0
DA:499,0
DA:503,0
DA:508,0
DA:509,0
DA:513,0
DA:518,0
DA:519,0
DA:523,0
DA:528,0
DA:529,0
DA:533,0
DA:538,0
DA:539,0
DA:543,0
DA:548,0
DA:549,0
DA:553,0
DA:554,0
DA:558,0
DA:559,0
DA:563,0
DA:568,0
DA:569,0
DA:573,0
DA:578,0
DA:579,0
DA:583,0
DA:588,0
DA:589,0
DA:593,0
DA:598,0
DA:599,0
DA:603,0
DA:608,0
DA:609,0
DA:613,0
DA:618,0
DA:619,0
DA:623,0
DA:628,0
DA:629,0
DA:633,0
DA:634,0
DA:638,0
DA:639,0
DA:643,0
DA:644,0
DA:648,0
DA:649,0
DA:653,0
DA:654,0
DA:658,0
DA:659,0
DA:663,0
DA:664,0
DA:668,0
DA:669,0
DA:673,0
DA:678,0
DA:679,0
DA:683,0
DA:688,0
DA:689,0
DA:693,0
DA:698,0
DA:699,0
DA:703,0
DA:708,0
DA:709,0
DA:713,0
DA:718,0
DA:719,0
DA:723,0
DA:728,0
DA:729,0
DA:733,0
DA:738,0
DA:739,0
DA:743,0
DA:748,0
DA:749,0
DA:753,0
DA:758,0
DA:759,0
DA:763,0
DA:768,0
DA:769,0
DA:773,0
DA:778,0
DA:779,0
DA:783,0
DA:788,0
DA:789,0
DA:793,0
DA:798,0
DA:799,0
DA:803,0
DA:808,0
DA:809,0
DA:813,0
DA:818,0
DA:819,0
DA:823,0
DA:828,0
DA:829,0
DA:833,0
DA:834,0
DA:838,0
DA:843,0
DA:844,0
DA:848,0
DA:849,0
DA:853,0
DA:854,0
DA:858,0
DA:863,0
DA:864,0
DA:868,0
DA:873,0
DA:874,0
DA:878,0
DA:879,0
DA:883,0
DA:884,0
DA:888,0
DA:889,0
DA:893,0
DA:894,0
DA:898,0
DA:903,0
DA:904,0
DA:908,0
DA:913,0
DA:914,0
DA:918,0
DA:923,0
DA:924,0
DA:928,0
DA:933,0
DA:934,0
DA:938,0
DA:943,0
DA:944,0
DA:948,0
DA:953,0
DA:954,0
DA:958,0
DA:963,0
DA:964,0
DA:968,0
DA:973,0
DA:974,0
DA:978,0
DA:980,0
DA:985,0
DA:990,0
DA:991,0
DA:995,0
DA:996,0
DA:1000,0
DA:1005,0
DA:1006,0
DA:1010,0
DA:1016,11
DA:1018,1
DA:1022,1
DA:1023,1
DA:1024,1
DA:1025,1
DA:1026,0
DA:1029,1
DA:1030,2
DA:1031,3
LF:339
LH:17
end_of_record
SF:lib\api\model\login_dto.dart
DA:18,0
DA:30,0
DA:31,0
DA:33,0
LF:4
LH:0
end_of_record
SF:lib\api\model\login_dto.g.dart
DA:9,0
DA:10,0
DA:11,0
DA:12,0
DA:13,0
DA:14,0
DA:15,0
DA:16,0
DA:17,0
DA:19,0
DA:21,0
DA:24,0
DA:25,0
DA:26,0
DA:27,0
DA:28,0
DA:29,0
DA:30,0
DA:31,0
DA:32,0
DA:33,0
LF:21
LH:0
end_of_record
SF:lib\domain\model\request_model\change_password_request_model.dart
DA:6,0
LF:1
LH:0
end_of_record
SF:lib\domain\model\request_model\edit_profile_request_model.dart
DA:8,0
LF:1
LH:0
end_of_record
SF:lib\domain\model\request_model\forget_password_request_model.dart
DA:4,0
LF:1
LH:0
end_of_record
SF:lib\domain\model\request_model\login_request_model.dart
DA:7,1
DA:9,0
DA:10,0
LF:3
LH:1
end_of_record
SF:lib\domain\model\request_model\register_request_model.dart
DA:10,0
LF:1
LH:0
end_of_record
SF:lib\domain\model\request_model\reset_password_request_model.dart
DA:7,1
DA:9,1
DA:10,3
LF:3
LH:3
end_of_record
SF:lib\domain\model\request_model\verify_reset_code_request_model.dart
DA:6,1
DA:8,1
DA:9,2
LF:3
LH:3
end_of_record
SF:lib\domain\model\change_password_model.dart
DA:6,0
LF:1
LH:0
end_of_record
SF:lib\api\model\user_dto.dart
DA:21,1
DA:35,0
DA:36,0
DA:38,0
DA:40,1
DA:41,1
DA:42,1
DA:43,1
DA:44,1
DA:45,1
DA:46,1
DA:47,1
DA:48,1
DA:49,1
DA:50,1
DA:51,1
DA:52,1
LF:17
LH:14
end_of_record
SF:lib\api\model\user_dto.g.dart
DA:9,0
DA:10,0
DA:11,0
DA:12,0
DA:13,0
DA:14,0
DA:15,0
DA:16,0
DA:17,0
DA:18,0
DA:20,0
DA:22,0
DA:24,0
DA:26,0
DA:29,0
DA:30,0
DA:31,0
DA:32,0
DA:33,0
DA:34,0
DA:35,0
DA:36,0
DA:37,0
DA:38,0
DA:39,0
DA:40,0
LF:26
LH:0
end_of_record
SF:lib\domain\model\forget_password_model.dart
DA:6,0
LF:1
LH:0
end_of_record
SF:lib\domain\model\reset_password_model.dart
DA:6,1
LF:1
LH:1
end_of_record
SF:lib\api\model\response\subject_exams_response\metadata.dart
DA:11,0
DA:13,0
DA:14,0
DA:17,0
LF:4
LH:0
end_of_record
SF:lib\api\model\response\subject_exams_response\metadata.g.dart
DA:9,0
DA:10,0
DA:11,0
DA:12,0
DA:15,0
DA:16,0
DA:17,0
DA:18,0
LF:8
LH:0
end_of_record
SF:lib\api\model\response\subject_response\metadata.dart
DA:11,1
DA:13,0
DA:14,0
DA:17,0
LF:4
LH:1
end_of_record
SF:lib\api\model\response\subject_response\metadata.g.dart
DA:9,0
DA:10,0
DA:11,0
DA:12,0
DA:15,0
DA:16,0
DA:17,0
DA:18,0
LF:8
LH:0
end_of_record
SF:lib\api\model\subject_dto.dart
DA:13,1
DA:15,0
DA:16,0
DA:19,0
LF:4
LH:1
end_of_record
SF:lib\api\model\subject_dto.g.dart
DA:9,0
DA:10,0
DA:11,0
DA:12,0
DA:14,0
DA:16,0
DA:19,0
DA:20,0
DA:21,0
DA:22,0
DA:23,0
DA:24,0
LF:12
LH:0
end_of_record
SF:lib\domain\model\verify_reset_code_model.dart
DA:6,1
LF:1
LH:1
end_of_record
SF:lib\domain\model\user_model.dart
DA:14,1
LF:1
LH:1
end_of_record
SF:lib\core\api_result\dio_error_handler.dart.dart
DA:4,0
DA:5,0
DA:6,0
DA:7,0
DA:9,0
DA:10,0
DA:12,0
DA:13,0
DA:15,0
DA:16,0
DA:18,0
DA:19,0
DA:21,0
DA:22,0
DA:24,0
DA:25,0
DA:27,0
DA:28,0
DA:32,0
DA:33,0
DA:36,0
DA:37,0
DA:39,0
DA:40,0
DA:41,0
DA:43,0
DA:44,0
DA:45,0
DA:46,0
DA:47,0
DA:53,0
DA:57,0
DA:59,0
LF:33
LH:0
end_of_record
SF:lib\generated\intl\messages_all.dart
DA:22,3
DA:23,2
DA:26,1
DA:28,1
DA:29,1
DA:36,1
DA:37,1
DA:39,3
DA:40,0
DA:43,0
DA:45,2
DA:46,1
DA:47,3
DA:48,2
DA:49,1
DA:52,1
DA:54,1
DA:60,1
DA:61,1
DA:64,0
DA:67,1
LF:21
LH:18
end_of_record
SF:lib\generated\intl\messages_en.dart
DA:16,3
DA:21,0
DA:24,2
DA:25,1
DA:28,1
DA:29,1
DA:32,1
DA:33,1
DA:34,1
DA:35,1
DA:38,1
DA:41,1
DA:44,1
DA:45,1
DA:46,1
DA:47,1
DA:48,1
DA:51,1
DA:54,1
DA:55,1
DA:56,1
DA:59,1
DA:60,1
DA:63,1
DA:66,1
DA:67,1
DA:68,1
DA:69,1
DA:72,1
DA:75,1
DA:78,1
DA:79,1
DA:82,1
DA:83,1
DA:84,1
DA:85,1
DA:88,1
DA:89,1
DA:92,1
DA:95,1
DA:98,1
DA:101,1
DA:104,1
DA:107,1
DA:108,1
DA:111,1
DA:112,1
DA:113,1
DA:114,1
DA:115,1
DA:118,1
DA:121,1
DA:122,1
DA:123,1
DA:124,1
DA:127,1
DA:128,1
DA:129,1
DA:130,1
DA:131,1
DA:132,1
DA:133,1
DA:136,1
DA:137,1
DA:138,1
DA:139,1
DA:140,1
DA:141,1
DA:142,1
DA:145,1
DA:146,1
DA:147,1
DA:148,1
DA:149,1
DA:150,1
DA:153,1
DA:156,1
DA:159,1
DA:162,1
DA:165,1
DA:166,1
DA:167,1
DA:168,1
DA:171,1
DA:175,1
DA:178,1
DA:181,1
DA:184,1
DA:186,1
DA:190,1
DA:193,1
DA:196,1
DA:197,1
DA:200,1
DA:201,1
DA:202,1
DA:205,1
DA:206,1
DA:207,1
DA:208,1
DA:211,1
DA:212,1
DA:213,1
DA:214,1
DA:215,1
DA:218,1
DA:221,1
DA:222,1
DA:223,1
DA:224,1
DA:225,1
DA:226,1
DA:227,1
DA:228,1
DA:229,1
DA:230,1
DA:233,1
DA:234,1
DA:235,1
DA:236,1
DA:237,1
DA:240,1
DA:241,1
DA:242,1
DA:243,1
LF:125
LH:124
end_of_record
SF:lib\domain\model\subject_model.dart
DA:6,3
LF:1
LH:1
end_of_record
SF:lib\api\datasource\subject_remote_data_source_impl.dart
DA:13,1
DA:15,1
DA:17,1
DA:20,2
DA:21,3
DA:23,1
DA:24,3
DA:25,1
DA:26,1
DA:28,0
DA:31,0
LF:11
LH:9
end_of_record
SF:lib\api\model\mapper\subject_mapper.dart
DA:5,1
DA:6,4
LF:2
LH:2
end_of_record
SF:lib\data\repos\subject_exams_repo_impl.dart
DA:10,1
DA:12,1
DA:16,2
LF:3
LH:3
end_of_record
SF:lib\domain\usecase\reset_password_use_case.dart
DA:10,1
DA:12,1
DA:14,2
LF:3
LH:3
end_of_record
SF:lib\api\model\saved_user_credentials_model.dart
DA:8,1
DA:14,0
DA:15,0
LF:3
LH:1
end_of_record
SF:lib\domain\model\login_model.dart
DA:13,1
LF:1
LH:1
end_of_record
SF:lib\domain\usecase\subject_use_case.dart
DA:10,1
DA:12,1
DA:13,2
LF:3
LH:3
end_of_record
SF:lib\domain\usecase\verify_reset_code_use_case.dart
DA:10,1
DA:12,1
DA:15,2
LF:3
LH:3
end_of_record
SF:lib\presentation\home\views\pages\explore_page\view_models\subject_states.dart
DA:5,1
DA:6,1
DA:17,1
DA:18,1
DA:19,2
DA:24,1
DA:25,1
DA:26,2
LF:8
LH:8
end_of_record
SF:lib\presentation\home\views\pages\explore_page\view_models\subject_view_model.dart
DA:11,3
DA:15,1
DA:16,2
DA:17,2
DA:19,1
DA:20,2
DA:21,3
DA:23,1
DA:24,3
DA:29,1
DA:30,1
DA:31,3
DA:34,1
DA:35,1
DA:36,1
DA:37,4
DA:39,1
DA:40,2
LF:18
LH:18
end_of_record
SF:lib\domain\usecase\login_use_case.dart
DA:10,0
DA:12,0
DA:16,0
LF:3
LH:0
end_of_record
SF:lib\presentation\auth\login\view_models\login_view_model\login_states.dart
DA:5,0
DA:6,0
DA:16,0
DA:17,0
DA:18,0
DA:23,0
DA:24,0
DA:25,0
LF:8
LH:0
end_of_record
SF:lib\presentation\auth\login\view_models\login_view_model\login_view_model.dart
DA:16,1
DA:17,2
DA:23,1
DA:24,2
DA:25,1
DA:26,3
DA:27,3
DA:32,1
DA:33,2
DA:34,0
DA:36,0
DA:37,0
DA:38,0
DA:39,0
DA:44,0
DA:45,0
DA:46,0
DA:47,0
DA:52,0
DA:54,0
DA:55,0
DA:56,0
LF:22
LH:9
end_of_record
SF:lib\domain\usecase\load_saved_user_credentials_use_case.dart
DA:8,0
DA:10,0
DA:11,0
LF:3
LH:0
end_of_record
SF:lib\presentation\subject_exams\view_models\subject_exams_states.dart
DA:5,1
DA:6,1
DA:17,1
DA:18,1
DA:19,2
DA:24,1
DA:25,1
DA:26,2
LF:8
LH:8
end_of_record
SF:lib\presentation\subject_exams\view_models\subject_exams_view_model.dart
DA:11,1
DA:12,2
DA:14,1
DA:15,2
DA:16,2
DA:18,1
DA:19,3
DA:21,1
DA:22,3
LF:9
LH:9
end_of_record
SF:lib\domain\usecase\subject_exams_use_case.dart
DA:9,0
DA:11,0
DA:12,0
LF:3
LH:0
end_of_record
SF:lib\main.dart
DA:13,0
DA:14,0
DA:15,0
DA:16,0
DA:17,0
DA:21,2
DA:23,1
DA:25,1
DA:26,1
DA:29,1
DA:30,1
DA:32,1
DA:36,1
DA:42,1
LF:14
LH:9
end_of_record
SF:lib\api\datasource\auth_offline_data_source_impl.dart
DA:10,0
DA:12,0
DA:13,0
DA:14,0
DA:17,0
DA:19,0
DA:20,0
DA:21,0
DA:24,0
DA:26,0
DA:29,0
DA:32,0
DA:33,0
DA:34,0
DA:35,0
DA:36,0
DA:42,0
DA:50,0
DA:52,0
LF:19
LH:0
end_of_record
SF:lib\core\app\shared_prefs.dart
DA:4,0
DA:5,0
DA:6,0
DA:7,0
DA:8,0
DA:9,0
DA:10,0
DA:11,0
DA:12,0
DA:13,0
DA:14,0
DA:15,0
DA:19,0
DA:20,0
DA:21,0
DA:24,0
DA:25,0
DA:26,0
DA:29,0
DA:30,0
DA:31,0
LF:21
LH:0
end_of_record
SF:lib\api\datasource\auth_online_data_source_impl.dart
DA:32,0
DA:34,0
DA:39,0
DA:40,0
DA:42,0
DA:44,0
DA:48,0
DA:53,0
DA:54,0
DA:57,0
DA:58,0
DA:61,0
DA:65,0
DA:68,0
DA:69,0
DA:71,0
DA:75,0
DA:80,0
DA:81,0
DA:83,0
DA:85,0
DA:89,0
DA:94,0
DA:95,0
DA:97,0
DA:99,0
DA:103,0
DA:107,0
DA:108,0
DA:110,0
DA:114,0
DA:119,0
DA:120,0
DA:122,0
DA:126,0
DA:131,0
DA:132,0
DA:134,0
DA:136,0
LF:39
LH:0
end_of_record
SF:lib\api\model\mapper\login_mapper.dart
DA:6,0
DA:7,0
DA:8,0
DA:9,0
DA:10,0
DA:11,0
DA:12,0
DA:13,0
DA:14,0
DA:15,0
DA:16,0
LF:11
LH:0
end_of_record
SF:lib\api\web_services\di.dart
DA:11,0
DA:14,0
DA:22,0
DA:25,0
DA:34,0
DA:37,0
DA:39,0
DA:40,0
DA:41,0
DA:42,0
DA:43,0
DA:44,0
DA:46,0
DA:51,0
DA:55,0
DA:57,0
LF:16
LH:0
end_of_record
SF:lib\core\app\app_validators.dart
DA:4,0
DA:6,0
DA:7,0
DA:11,0
DA:12,0
DA:13,0
DA:14,0
DA:15,0
DA:21,0
DA:22,0
DA:24,0
DA:25,0
DA:26,0
DA:27,0
DA:28,0
DA:34,0
DA:35,0
DA:36,0
DA:37,0
DA:38,0
DA:44,0
DA:45,0
DA:47,0
DA:48,0
DA:49,0
DA:50,0
DA:51,0
DA:57,0
DA:58,0
DA:59,0
DA:65,0
DA:67,0
DA:68,0
DA:69,0
DA:70,0
DA:71,0
LF:36
LH:0
end_of_record
SF:lib\core\bloc\app_bloc_observer.dart
DA:5,0
DA:7,0
DA:9,0
DA:13,0
DA:15,0
DA:17,0
DA:21,0
DA:24,0
DA:26,0
DA:29,0
DA:31,0
DA:33,0
LF:12
LH:0
end_of_record
SF:lib\core\custom_widget\custom_dialog.dart
DA:14,0
DA:19,0
DA:20,0
DA:22,0
DA:23,0
DA:24,0
DA:25,0
DA:26,0
DA:28,0
DA:29,0
DA:30,0
DA:39,0
DA:47,0
DA:48,0
DA:50,0
DA:51,0
DA:52,0
DA:53,0
DA:56,0
DA:57,0
DA:58,0
DA:59,0
DA:60,0
DA:61,0
DA:62,0
DA:64,0
DA:67,0
DA:68,0
DA:69,0
DA:82,0
DA:92,0
DA:93,0
DA:95,0
DA:96,0
DA:97,0
DA:98,0
DA:101,0
DA:102,0
DA:103,0
DA:104,0
DA:106,0
DA:107,0
DA:108,0
DA:109,0
DA:110,0
DA:113,0
DA:114,0
DA:115,0
DA:117,0
DA:120,0
DA:121,0
DA:122,0
DA:129,0
DA:130,0
DA:131,0
DA:132,0
DA:133,0
DA:135,0
DA:138,0
DA:139,0
DA:140,0
LF:61
LH:0
end_of_record
SF:lib\core\resources\app_colors.dart
DA:4,4
DA:5,1
DA:6,1
DA:7,1
DA:8,1
DA:9,1
DA:10,1
DA:11,1
DA:12,1
DA:13,1
DA:14,1
DA:15,1
DA:18,4
DA:19,1
DA:20,1
DA:21,1
DA:22,1
DA:23,1
DA:24,1
DA:25,1
DA:26,1
DA:27,1
DA:28,1
DA:29,1
LF:24
LH:24
end_of_record
SF:lib\data\repos\auth_repo_impl.dart
DA:27,0
DA:29,0
DA:33,0
DA:38,0
DA:43,0
DA:45,0
DA:46,0
DA:48,0
DA:50,0
DA:60,0
DA:62,0
DA:65,0
DA:67,0
DA:70,0
DA:74,0
DA:77,0
DA:81,0
DA:85,0
DA:86,0
DA:94,0
DA:96,0
DA:99,0
DA:103,0
DA:106,0
DA:110,0
LF:25
LH:0
end_of_record
SF:lib\data\repos\subject_repo_impl.dart
DA:10,0
DA:12,0
DA:14,0
LF:3
LH:0
end_of_record
SF:lib\domain\usecase\change_password_use_case.dart
DA:10,0
DA:12,0
DA:15,0
LF:3
LH:0
end_of_record
SF:lib\domain\usecase\edit_profile_use_case.dart
DA:10,0
DA:12,0
DA:14,0
LF:3
LH:0
end_of_record
SF:lib\domain\usecase\forget_password_use_case.dart
DA:10,0
DA:12,0
DA:15,0
LF:3
LH:0
end_of_record
SF:lib\domain\usecase\get_profile_data_use_case.dart
DA:9,0
DA:11,0
DA:12,0
LF:3
LH:0
end_of_record
SF:lib\domain\usecase\register_use_case.dart
DA:11,0
DA:13,0
DA:16,0
LF:3
LH:0
end_of_record
SF:lib\presentation\auth\change_password\view_models\change_password_view_model.dart
DA:13,0
DA:14,0
DA:26,0
DA:27,0
DA:28,0
DA:29,0
DA:30,0
DA:31,0
DA:32,0
DA:33,0
DA:37,0
DA:38,0
DA:39,0
DA:40,0
LF:14
LH:0
end_of_record
SF:lib\presentation\auth\edit_profile\view_models\edit_profile_view_model.dart
DA:15,0
DA:16,0
DA:25,0
DA:26,0
DA:27,0
DA:29,0
DA:30,0
DA:31,0
DA:32,0
DA:33,0
DA:34,0
DA:35,0
DA:36,0
DA:37,0
DA:41,0
DA:42,0
DA:43,0
DA:44,0
DA:45,0
DA:46,0
DA:47,0
DA:48,0
DA:49,0
DA:53,0
DA:54,0
DA:55,0
DA:56,0
DA:57,0
DA:62,0
DA:64,0
DA:65,0
DA:66,0
DA:67,0
DA:68,0
DA:69,0
LF:35
LH:0
end_of_record
SF:lib\presentation\auth\forget_password\view_models\forget_password_view_model\forget_password_view_model.dart
DA:13,0
DA:15,0
DA:21,0
DA:22,0
DA:23,0
DA:24,0
DA:27,0
DA:28,0
DA:29,0
DA:30,0
DA:34,0
DA:36,0
DA:37,0
LF:13
LH:0
end_of_record
SF:lib\presentation\auth\forget_password\view_models\reset_password_view_model\reset_password_view_model.dart
DA:13,0
DA:14,0
DA:21,0
DA:22,0
DA:23,0
DA:24,0
DA:26,0
DA:30,0
DA:31,0
DA:32,0
DA:33,0
LF:11
LH:0
end_of_record
SF:lib\presentation\auth\forget_password\view_models\verify_reset_code_view_model\verify_reset_code_view_model.dart
DA:17,0
DA:20,0
DA:24,0
DA:25,0
DA:26,0
DA:27,0
DA:30,0
DA:31,0
DA:32,0
DA:33,0
DA:37,0
DA:38,0
DA:39,0
DA:40,0
DA:43,0
DA:44,0
DA:45,0
DA:46,0
DA:50,0
DA:52,0
DA:53,0
LF:21
LH:0
end_of_record
SF:lib\presentation\auth\register\view_models\register_view_model\register_view_model.dart
DA:15,0
DA:26,0
DA:27,0
DA:28,0
DA:29,0
DA:30,0
DA:31,0
DA:32,0
DA:33,0
DA:34,0
DA:35,0
DA:36,0
DA:37,0
DA:41,0
DA:42,0
DA:43,0
DA:44,0
DA:49,0
DA:51,0
DA:52,0
DA:53,0
DA:54,0
DA:55,0
DA:56,0
DA:57,0
DA:58,0
LF:26
LH:0
end_of_record
SF:lib\presentation\auth\register\view_models\register_view_model\register_state.dart
DA:15,0
LF:1
LH:0
end_of_record
SF:lib\presentation\home\view_models\home_view_model\home_view_model.dart
DA:8,0
DA:13,0
DA:14,0
DA:15,0
DA:16,0
DA:19,0
DA:20,0
DA:21,0
DA:24,0
DA:26,0
DA:27,0
LF:11
LH:0
end_of_record
SF:lib\core\di\di.dart
DA:6,3
DA:8,0
DA:13,0
LF:3
LH:1
end_of_record
SF:lib\core\resources\app_theme.dart
DA:7,3
DA:8,1
DA:10,1
DA:12,1
DA:17,1
DA:19,1
DA:20,1
DA:21,2
DA:22,2
DA:24,1
DA:26,1
DA:27,1
DA:30,2
DA:32,1
DA:35,1
DA:36,1
DA:37,1
DA:38,1
DA:39,1
DA:40,1
DA:41,1
DA:44,1
DA:45,1
DA:46,1
DA:48,1
DA:49,1
DA:53,2
DA:56,1
DA:57,1
DA:58,1
DA:61,1
DA:62,1
DA:68,1
DA:69,1
DA:70,2
DA:71,2
DA:75,1
DA:81,1
DA:82,1
DA:83,1
LF:40
LH:40
end_of_record
SF:lib\core\route_generator\route_generator.dart
DA:14,1
DA:15,1
DA:16,1
DA:17,3
DA:18,1
DA:19,0
DA:20,1
DA:21,0
DA:22,1
DA:23,0
DA:24,0
DA:27,1
DA:28,0
DA:29,0
DA:32,1
DA:33,0
DA:34,0
DA:37,1
DA:38,0
DA:39,0
DA:42,1
DA:43,0
DA:44,0
DA:47,1
DA:48,0
DA:49,0
DA:53,3
LF:27
LH:13
end_of_record
SF:lib\presentation\auth\change_password\views\screen\change_password_screen.dart
DA:15,0
DA:17,0
DA:18,0
DA:26,0
DA:27,0
DA:28,0
DA:32,0
DA:33,0
DA:35,0
DA:37,0
DA:38,0
DA:39,0
DA:40,0
DA:41,0
DA:42,0
DA:45,0
DA:46,0
DA:47,0
DA:48,0
DA:50,0
DA:51,0
DA:52,0
DA:53,0
DA:54,0
DA:57,0
DA:60,0
DA:66,0
DA:67,0
DA:68,0
DA:71,0
DA:72,0
DA:73,0
DA:74,0
DA:76,0
DA:77,0
DA:78,0
DA:79,0
DA:80,0
DA:82,0
DA:89,0
DA:91,0
DA:92,0
DA:97,0
DA:98,0
DA:99,0
DA:100,0
DA:101,0
DA:102,0
DA:103,0
DA:104,0
DA:105,0
DA:106,0
DA:107,0
DA:108,0
DA:109,0
DA:111,0
DA:112,0
DA:113,0
DA:115,0
DA:116,0
DA:118,0
DA:119,0
DA:122,0
DA:123,0
DA:124,0
DA:127,0
DA:128,0
DA:129,0
LF:68
LH:0
end_of_record
SF:lib\presentation\auth\login\views\login_view\screen\login_screen.dart
DA:12,1
DA:15,0
DA:17,0
DA:18,0
DA:19,0
DA:20,0
DA:21,0
DA:22,0
DA:23,0
DA:24,0
DA:25,0
DA:28,0
DA:29,0
DA:30,0
DA:31,0
DA:32,0
DA:33,0
DA:34,0
DA:35,0
DA:37,0
DA:44,0
DA:46,0
DA:47,0
DA:52,0
DA:53,0
LF:25
LH:1
end_of_record
SF:lib\presentation\auth\register\views\register_view\screen\register_screen.dart
DA:14,0
DA:16,0
DA:17,0
DA:25,0
DA:27,0
DA:28,0
DA:31,0
DA:33,0
DA:34,0
DA:37,0
DA:39,0
DA:40,0
DA:41,0
DA:43,0
DA:45,0
DA:46,0
DA:47,0
DA:49,0
DA:50,0
DA:51,0
DA:52,0
DA:54,0
DA:57,0
DA:58,0
DA:59,0
DA:60,0
DA:63,0
DA:68,0
DA:69,0
DA:70,0
DA:71,0
DA:73,0
DA:75,0
DA:76,0
DA:81,0
DA:82,0
DA:83,0
DA:84,0
DA:85,0
DA:87,0
DA:89,0
DA:91,0
DA:92,0
DA:93,0
DA:94,0
DA:95,0
DA:96,0
DA:99,0
DA:100,0
DA:101,0
DA:102,0
DA:103,0
DA:104,0
DA:107,0
DA:109,0
DA:110,0
DA:111,0
DA:112,0
DA:113,0
DA:114,0
DA:115,0
DA:119,0
DA:120,0
DA:121,0
DA:122,0
DA:123,0
DA:129,0
DA:130,0
DA:131,0
DA:132,0
DA:136,0
DA:138,0
DA:139,0
DA:140,0
DA:141,0
DA:143,0
DA:144,0
DA:145,0
DA:149,0
DA:150,0
DA:152,0
DA:153,0
DA:154,0
DA:155,0
DA:156,0
DA:158,0
DA:165,0
DA:166,0
DA:167,0
DA:168,0
DA:173,0
DA:175,0
DA:176,0
DA:177,0
DA:178,0
DA:180,0
DA:183,0
DA:184,0
DA:185,0
DA:200,0
DA:209,0
DA:212,0
DA:216,0
DA:217,0
DA:218,0
DA:219,0
LF:106
LH:0
end_of_record
SF:lib\presentation\auth\forget_password\views\screen\forget_password_screen.dart
DA:15,0
DA:17,0
DA:18,0
DA:26,0
DA:27,0
DA:28,0
DA:32,0
DA:33,0
DA:36,0
DA:38,0
DA:39,0
DA:40,0
DA:41,0
DA:42,0
DA:43,0
DA:46,0
DA:47,0
DA:48,0
DA:49,0
DA:50,0
DA:52,0
DA:58,0
DA:59,0
DA:60,0
DA:61,0
DA:62,0
DA:65,0
DA:68,0
DA:74,0
DA:75,0
DA:76,0
DA:79,0
DA:80,0
DA:81,0
DA:82,0
DA:83,0
DA:85,0
DA:91,0
DA:92,0
DA:93,0
DA:94,0
DA:96,0
DA:102,0
DA:103,0
DA:105,0
DA:106,0
DA:111,0
DA:112,0
DA:113,0
DA:114,0
DA:115,0
DA:116,0
DA:118,0
DA:119,0
DA:120,0
DA:121,0
DA:122,0
DA:123,0
DA:124,0
DA:125,0
DA:127,0
DA:128,0
DA:129,0
DA:130,0
DA:135,0
DA:136,0
DA:137,0
DA:138,0
DA:139,0
DA:141,0
DA:142,0
DA:154,0
DA:155,0
DA:156,0
DA:157,0
DA:158,0
DA:160,0
DA:161,0
DA:163,0
DA:164,0
DA:167,0
DA:168,0
DA:169,0
DA:172,0
DA:173,0
DA:174,0
LF:86
LH:0
end_of_record
SF:lib\presentation\auth\forget_password\views\screen\reset_password_screen.dart
DA:15,0
DA:17,0
DA:18,0
DA:27,0
DA:28,0
DA:29,0
DA:33,0
DA:34,0
DA:37,0
DA:39,0
DA:40,0
DA:41,0
DA:42,0
DA:43,0
DA:44,0
DA:45,0
DA:48,0
DA:49,0
DA:50,0
DA:51,0
DA:52,0
DA:55,0
DA:56,0
DA:57,0
DA:58,0
DA:59,0
DA:64,0
DA:70,0
DA:71,0
DA:72,0
DA:75,0
DA:76,0
DA:77,0
DA:78,0
DA:79,0
DA:81,0
DA:87,0
DA:88,0
DA:89,0
DA:90,0
DA:92,0
DA:98,0
DA:99,0
DA:101,0
DA:102,0
DA:107,0
DA:108,0
DA:109,0
DA:110,0
DA:111,0
DA:112,0
DA:114,0
DA:115,0
DA:116,0
DA:117,0
DA:118,0
DA:119,0
DA:120,0
DA:121,0
DA:123,0
DA:124,0
DA:125,0
DA:126,0
DA:131,0
DA:132,0
DA:133,0
DA:134,0
DA:135,0
DA:137,0
DA:138,0
DA:150,0
DA:151,0
DA:152,0
DA:153,0
DA:154,0
DA:156,0
DA:157,0
DA:159,0
DA:160,0
DA:163,0
DA:164,0
DA:165,0
DA:168,0
DA:169,0
DA:170,0
LF:85
LH:0
end_of_record
SF:lib\presentation\auth\forget_password\views\screen\verify_reset_code_screen.dart
DA:16,0
DA:18,0
DA:19,0
DA:25,0
DA:27,0
DA:28,0
DA:36,0
DA:38,0
DA:39,0
DA:40,0
DA:41,0
DA:42,0
DA:43,0
DA:44,0
DA:45,0
DA:46,0
DA:48,0
DA:49,0
DA:53,0
DA:54,0
DA:55,0
DA:59,0
DA:60,0
DA:61,0
DA:62,0
DA:63,0
DA:64,0
DA:65,0
DA:66,0
DA:67,0
DA:68,0
DA:69,0
DA:70,0
DA:71,0
DA:72,0
DA:73,0
DA:75,0
DA:76,0
DA:77,0
DA:78,0
DA:83,0
DA:84,0
DA:85,0
DA:87,0
DA:88,0
DA:99,0
DA:100,0
DA:101,0
DA:102,0
DA:106,0
DA:109,0
DA:110,0
DA:112,0
DA:121,0
DA:122,0
DA:123,0
DA:124,0
DA:125,0
DA:127,0
DA:128,0
DA:133,0
DA:134,0
DA:135,0
DA:136,0
DA:146,0
DA:147,0
DA:149,0
DA:150,0
DA:151,0
DA:152,0
DA:157,0
DA:158,0
DA:159,0
DA:161,0
DA:162,0
DA:163,0
DA:166,0
DA:167,0
LF:78
LH:0
end_of_record
SF:lib\presentation\home\views\screen\home_screen.dart
DA:15,0
DA:19,0
DA:21,0
DA:22,0
DA:23,0
DA:24,0
DA:25,0
DA:26,0
DA:27,0
DA:29,0
DA:30,0
DA:31,0
DA:32,0
DA:33,0
DA:36,0
DA:37,0
DA:38,0
DA:41,0
DA:42,0
DA:43,0
DA:45,0
DA:47,0
DA:49,0
DA:50,0
DA:52,0
DA:54,0
DA:56,0
DA:57,0
DA:59,0
DA:61,0
DA:65,0
LF:31
LH:0
end_of_record
SF:lib\presentation\subject_exams\views\screen\start_exam_screen.dart
DA:11,0
DA:13,0
DA:16,0
DA:17,0
DA:18,0
DA:19,0
DA:20,0
DA:21,0
DA:22,0
DA:23,0
DA:24,0
DA:25,0
DA:27,0
DA:31,0
DA:32,0
DA:33,0
DA:34,0
DA:36,0
DA:37,0
DA:38,0
DA:39,0
DA:41,0
DA:42,0
DA:44,0
DA:45,0
DA:47,0
DA:48,0
DA:49,0
DA:51,0
DA:52,0
DA:57,0
DA:58,0
DA:59,0
DA:60,0
DA:61,0
DA:63,0
DA:69,0
DA:70,0
DA:71,0
DA:72,0
DA:74,0
DA:75,0
DA:76,0
DA:77,0
DA:78,0
DA:82,0
DA:83,0
DA:84,0
DA:85,0
DA:86,0
DA:91,0
DA:92,0
DA:93,0
DA:94,0
DA:95,0
DA:103,0
DA:104,0
DA:105,0
DA:108,0
DA:109,0
DA:110,0
DA:111,0
DA:112,0
DA:113,0
DA:115,0
DA:116,0
DA:117,0
DA:120,0
DA:121,0
DA:122,0
DA:123,0
LF:71
LH:0
end_of_record
SF:lib\presentation\subject_exams\views\screen\subject_exams_screen.dart
DA:12,0
DA:17,0
DA:20,0
DA:21,0
DA:22,0
DA:23,0
DA:24,0
DA:25,0
DA:26,0
DA:27,0
DA:28,0
DA:29,0
DA:31,0
DA:32,0
DA:33,0
DA:34,0
DA:35,0
DA:36,0
DA:37,0
DA:38,0
DA:41,0
DA:42,0
DA:43,0
DA:44,0
DA:45,0
DA:46,0
LF:26
LH:0
end_of_record
SF:lib\presentation\auth\change_password\view_models\change_password_states.dart
DA:11,0
DA:16,0
LF:2
LH:0
end_of_record
SF:lib\presentation\auth\change_password\views\widgets\change_password_form.dart
DA:12,0
DA:18,0
DA:20,0
DA:21,0
DA:22,0
DA:24,0
DA:26,0
DA:27,0
DA:28,0
DA:30,0
DA:32,0
DA:33,0
DA:34,0
DA:35,0
DA:40,0
DA:41,0
DA:48,0
DA:49,0
DA:51,0
DA:53,0
DA:54,0
DA:55,0
DA:56,0
DA:61,0
DA:62,0
DA:69,0
DA:70,0
DA:72,0
DA:74,0
DA:76,0
DA:78,0
DA:79,0
DA:80,0
DA:81,0
DA:82,0
DA:86,0
DA:87,0
DA:88,0
LF:38
LH:0
end_of_record
SF:lib\presentation\auth\change_password\views\widgets\change_password_custam_app_bar.dart
DA:7,0
DA:9,0
DA:11,0
DA:12,0
DA:13,0
DA:14,0
DA:15,0
DA:17,0
DA:18,0
DA:19,0
DA:20,0
DA:21,0
LF:12
LH:0
end_of_record
SF:lib\presentation\auth\edit_profile\view_models\edit_profile_states.dart
DA:13,0
DA:18,0
LF:2
LH:0
end_of_record
SF:lib\presentation\auth\edit_profile\views\screen\edit_profile_screen.dart
DA:14,0
DA:16,0
DA:17,0
DA:23,0
DA:25,0
DA:26,0
DA:30,0
DA:31,0
DA:32,0
DA:36,0
DA:37,0
DA:39,0
DA:41,0
DA:42,0
DA:43,0
DA:44,0
DA:45,0
DA:48,0
DA:49,0
DA:50,0
DA:51,0
DA:53,0
DA:54,0
DA:55,0
DA:56,0
DA:58,0
DA:66,0
DA:67,0
DA:68,0
DA:69,0
DA:70,0
DA:71,0
DA:73,0
DA:74,0
DA:75,0
DA:76,0
DA:77,0
DA:82,0
DA:83,0
DA:84,0
DA:85,0
DA:86,0
DA:87,0
DA:89,0
DA:90,0
DA:91,0
DA:93,0
DA:94,0
DA:96,0
DA:97,0
DA:100,0
DA:101,0
DA:102,0
DA:105,0
DA:106,0
DA:107,0
DA:108,0
DA:119,0
DA:120,0
DA:121,0
DA:122,0
DA:123,0
DA:124,0
LF:63
LH:0
end_of_record
SF:lib\presentation\auth\edit_profile\views\widgets\edit_profile_form.dart
DA:13,0
DA:19,0
DA:21,0
DA:22,0
DA:23,0
DA:26,0
DA:27,0
DA:28,0
DA:29,0
DA:30,0
DA:31,0
DA:33,0
DA:34,0
DA:35,0
DA:36,0
DA:42,0
DA:43,0
DA:44,0
DA:45,0
DA:46,0
DA:47,0
DA:48,0
DA:50,0
DA:51,0
DA:52,0
DA:53,0
DA:60,0
DA:61,0
DA:62,0
DA:63,0
DA:64,0
DA:66,0
DA:67,0
DA:68,0
DA:69,0
DA:78,0
DA:79,0
DA:80,0
DA:81,0
DA:83,0
DA:84,0
DA:85,0
DA:86,0
DA:92,0
DA:93,0
DA:98,0
DA:99,0
DA:100,0
DA:101,0
DA:102,0
DA:104,0
DA:105,0
DA:106,0
DA:107,0
DA:108,0
DA:113,0
DA:114,0
DA:115,0
DA:121,0
DA:122,0
DA:123,0
DA:124,0
DA:126,0
DA:127,0
DA:128,0
DA:129,0
LF:66
LH:0
end_of_record
SF:lib\presentation\auth\edit_profile\views\widgets\profile_image_widget.dart
DA:7,0
DA:9,0
DA:11,0
DA:12,0
DA:13,0
DA:14,0
DA:15,0
DA:16,0
DA:17,0
DA:18,0
DA:19,0
DA:20,0
DA:24,0
DA:25,0
DA:26,0
DA:27,0
DA:28,0
DA:29,0
DA:30,0
DA:31,0
DA:32,0
DA:34,0
DA:35,0
DA:37,0
DA:38,0
LF:25
LH:0
end_of_record
SF:lib\presentation\auth\forget_password\view_models\forget_password_view_model\forget_password_states.dart
DA:11,0
DA:16,0
LF:2
LH:0
end_of_record
SF:lib\presentation\auth\forget_password\view_models\reset_password_view_model\reset_password_states.dart
DA:11,0
DA:16,0
LF:2
LH:0
end_of_record
SF:lib\presentation\auth\forget_password\view_models\verify_reset_code_view_model\verify_reset_code_states.dart
DA:11,0
DA:16,0
LF:2
LH:0
end_of_record
SF:lib\presentation\auth\forget_password\views\widgets\forget_password_form.dart
DA:11,0
DA:13,0
DA:15,0
DA:16,0
DA:17,0
DA:18,0
DA:21,0
DA:22,0
DA:24,0
DA:25,0
DA:26,0
DA:27,0
DA:32,0
DA:33,0
LF:14
LH:0
end_of_record
SF:lib\presentation\auth\forget_password\views\widgets\reset_password_custom_app_bar.dart
DA:7,0
DA:9,0
DA:11,0
DA:12,0
DA:13,0
DA:14,0
DA:15,0
DA:17,0
DA:18,0
DA:19,0
DA:20,0
DA:21,0
LF:12
LH:0
end_of_record
SF:lib\presentation\auth\forget_password\views\widgets\reset_password_form.dart
DA:12,0
DA:14,0
DA:16,0
DA:17,0
DA:18,0
DA:19,0
DA:22,0
DA:23,0
DA:24,0
DA:25,0
DA:28,0
DA:29,0
DA:30,0
DA:31,0
DA:36,0
DA:37,0
DA:44,0
DA:45,0
DA:46,0
DA:48,0
DA:50,0
DA:53,0
DA:54,0
DA:55,0
DA:56,0
DA:61,0
DA:62,0
LF:27
LH:0
end_of_record
SF:lib\presentation\auth\login\views\login_view\widgets\login_view_body.dart
DA:15,0
DA:17,0
DA:18,0
DA:22,0
DA:24,0
DA:25,0
DA:26,0
DA:27,0
DA:28,0
DA:30,0
DA:33,0
DA:34,0
DA:37,0
DA:39,0
DA:40,0
DA:41,0
DA:44,0
DA:45,0
DA:46,0
DA:47,0
DA:54,0
DA:56,0
DA:57,0
DA:58,0
DA:59,0
DA:60,0
DA:61,0
DA:63,0
DA:64,0
DA:65,0
DA:66,0
DA:68,0
DA:69,0
DA:70,0
DA:71,0
DA:73,0
DA:74,0
DA:75,0
DA:76,0
DA:77,0
DA:82,0
DA:84,0
DA:85,0
DA:86,0
DA:87,0
DA:92,0
DA:93,0
DA:94,0
DA:96,0
DA:100,0
DA:101,0
DA:102,0
DA:104,0
DA:105,0
DA:106,0
DA:107,0
DA:114,0
DA:115,0
DA:117,0
DA:118,0
DA:119,0
DA:121,0
DA:123,0
DA:124,0
DA:125,0
DA:129,0
DA:130,0
DA:131,0
DA:135,0
LF:69
LH:0
end_of_record
SF:lib\presentation\auth\login\views\login_view\widgets\custom_login_appbar.dart
DA:8,1
DA:10,0
DA:12,0
DA:13,0
DA:14,0
DA:15,0
DA:16,0
DA:19,0
DA:20,0
DA:21,0
DA:22,0
LF:11
LH:1
end_of_record
SF:lib\presentation\auth\login\views\login_view\widgets\login_form.dart
DA:9,0
DA:11,0
DA:13,0
DA:14,0
DA:15,0
DA:16,0
DA:17,0
DA:18,0
DA:19,0
DA:21,0
DA:22,0
DA:23,0
DA:26,0
DA:27,0
DA:28,0
DA:30,0
DA:32,0
DA:33,0
DA:34,0
LF:19
LH:0
end_of_record
SF:lib\presentation\auth\login\views\login_view\widgets\not_have_account_widget.dart
DA:9,1
DA:11,0
DA:13,0
DA:15,0
DA:16,0
DA:17,0
DA:18,0
DA:20,0
DA:22,0
DA:23,0
DA:24,0
DA:26,0
DA:27,0
DA:28,0
DA:29,0
DA:30,0
LF:16
LH:1
end_of_record
SF:lib\presentation\home\views\pages\explore_page\views\screen\explore_page.dart
DA:14,0
DA:18,0
DA:20,0
DA:22,0
DA:23,0
DA:24,0
DA:25,0
DA:26,0
DA:27,0
DA:28,0
DA:29,0
DA:30,0
DA:35,0
DA:36,0
DA:37,0
DA:38,0
DA:40,0
DA:41,0
DA:42,0
DA:43,0
DA:44,0
DA:45,0
DA:46,0
DA:51,0
DA:52,0
DA:53,0
DA:54,0
DA:55,0
DA:56,0
DA:57,0
DA:58,0
DA:59,0
DA:60,0
DA:61,0
DA:62,0
DA:63,0
LF:36
LH:0
end_of_record
SF:lib\presentation\home\views\pages\explore_page\views\widgets\search_text_form_field.dart
DA:9,0
DA:11,0
DA:13,0
DA:14,0
DA:15,0
DA:16,0
DA:17,0
DA:18,0
DA:19,0
DA:21,0
DA:22,0
DA:24,0
DA:25,0
DA:27,0
LF:14
LH:0
end_of_record
SF:lib\presentation\home\views\pages\explore_page\views\widgets\subject_list_view.dart
DA:7,0
DA:9,0
DA:11,0
DA:12,0
DA:13,0
DA:15,0
LF:6
LH:0
end_of_record
SF:lib\presentation\home\views\pages\explore_page\views\widgets\subject_list_view_item.dart
DA:10,0
DA:12,0
DA:14,0
DA:15,0
DA:16,0
DA:17,0
DA:18,0
DA:21,0
DA:24,0
DA:25,0
DA:26,0
DA:27,0
DA:29,0
DA:30,0
DA:31,0
DA:33,0
DA:34,0
DA:38,0
DA:39,0
DA:40,0
DA:41,0
DA:42,0
DA:43,0
DA:44,0
DA:45,0
DA:46,0
DA:47,0
DA:51,0
DA:52,0
DA:53,0
DA:54,0
DA:55,0
LF:32
LH:0
end_of_record
SF:lib\presentation\home\views\widgets\custom_nav_bar_icon.dart
DA:8,0
DA:14,0
DA:16,0
DA:17,0
DA:18,0
DA:19,0
DA:20,0
DA:22,0
LF:8
LH:0
end_of_record
SF:lib\presentation\home\views\widgets\custom_page_view.dart
DA:8,0
DA:10,0
DA:12,0
DA:14,0
DA:16,0
DA:17,0
LF:6
LH:0
end_of_record
SF:lib\presentation\subject_exams\views\widgets\custom_instructions_section.dart
DA:8,0
DA:10,0
DA:12,0
DA:13,0
DA:14,0
DA:16,0
DA:17,0
DA:18,0
DA:19,0
DA:20,0
DA:24,0
DA:25,0
DA:26,0
DA:27,0
DA:28,0
DA:29,0
DA:30,0
DA:31,0
DA:34,0
LF:19
LH:0
end_of_record
SF:lib\presentation\subject_exams\views\widgets\custom_app_bar.dart
DA:7,0
DA:9,0
DA:11,0
DA:12,0
DA:13,0
DA:14,0
DA:15,0
DA:17,0
DA:18,0
DA:19,0
DA:20,0
DA:21,0
LF:12
LH:0
end_of_record
SF:lib\presentation\subject_exams\views\widgets\subject_exams_list_view.dart
DA:8,0
DA:14,0
DA:16,0
DA:17,0
DA:18,0
DA:19,0
DA:20,0
DA:21,0
LF:8
LH:0
end_of_record
SF:lib\presentation\subject_exams\views\widgets\subject_exams_list_view_item.dart
DA:13,0
DA:19,0
DA:21,0
DA:22,0
DA:23,0
DA:24,0
DA:25,0
DA:28,0
DA:31,0
DA:32,0
DA:33,0
DA:34,0
DA:35,0
DA:36,0
DA:38,0
DA:39,0
DA:41,0
DA:42,0
DA:46,0
DA:48,0
DA:49,0
DA:50,0
DA:51,0
DA:52,0
DA:54,0
DA:55,0
DA:57,0
DA:59,0
DA:60,0
DA:61,0
DA:62,0
DA:63,0
DA:67,0
DA:68,0
DA:69,0
DA:70,0
DA:78,0
DA:80,0
DA:82,0
DA:83,0
DA:85,0
DA:86,0
DA:87,0
DA:88,0
DA:89,0
DA:93,0
DA:94,0
DA:95,0
DA:96,0
DA:108,0
DA:109,0
DA:110,0
DA:111,0
DA:112,0
DA:114,0
LF:55
LH:0
end_of_record
